
ROM used: 60 (3%)
          60 (3%) including unused fragments

          0 Average locations per line
          0 Average locations per statement

RAM used: 10 (4%) at main() level
          10 (4%) worst case

Stack used: 1 worst case (out of 8 total available)

Lines Stmts  %   Files
----- ----- ---  -----
  170    14  10  main.c
  217     0   0  ..\..\..\Program Files (x86)\PICC\devices\16F628.h
  409   121  90  ..\..\..\Program Files (x86)\PICC\drivers\string.h
   28     0   0  ..\..\..\Program Files (x86)\PICC\drivers\stddef.h
   28     0   0  ..\..\..\Program Files (x86)\PICC\drivers\ctype.h
   82     0   0  ..\INCLUDES\16f628_registradores.h
----- -----
  934   135 Total

Page ROM  %  RAM   Vol Diff  Functions:
---- --- --- ---   --- ----  ----------
0      9  15   0    78  2.2  interrupcao
0     47  78   0   219  3.2  MAIN

Program metrics:
    Functions               2
    Statements              135
    Comments                281
    Volume (V)              355
    Difficilty (D)          5.3
    Effort to implement (E) 1893
    Time to implement (T)   2 minutes
    Est Delivered Bugs (B)  0
    Cyclomatic Complexity   1
    Maintainability (MI)    52

 Segment     Used  Free
-----------  ----  ----
00000-00003     4  0  
00004-0000C     9  0  
0000D-007FF    47  1988  



